[20:31:03] [Client thread/INFO]: Setting user: Player277
[20:31:07] [Client thread/WARN]: Skipping bad option: lastServer:
[20:31:07] [Client thread/INFO]: LWJGL Version: 2.9.4
[20:31:10] [Client thread/INFO]: Reloading ResourceManager: Default, FMLFileResourcePack:Forge Mod Loader, FMLFileResourcePack:Minecraft Forge, FMLFileResourcePack:D'ni Craft
[20:31:21] [Sound Library Loader/INFO]: Starting up SoundSystem...
[20:31:21] [Thread-8/INFO]: Initializing LWJGL OpenAL
[20:31:21] [Thread-8/INFO]: (The LWJGL binding of OpenAL.  For more information, see http://www.lwjgl.org)
[20:31:21] [Thread-8/INFO]: OpenAL initialized.
[20:31:21] [Sound Library Loader/INFO]: Sound engine started
[20:31:24] [Client thread/INFO]: Created: 16x16 textures-atlas
[20:31:25] [Client thread/INFO]: Reloading ResourceManager: Default, FMLFileResourcePack:Forge Mod Loader, FMLFileResourcePack:Minecraft Forge, FMLFileResourcePack:D'ni Craft
[20:31:27] [Client thread/INFO]: SoundSystem shutting down...
[20:31:27] [Client thread/WARN]: Author: Paul Lamb, www.paulscode.com
[20:31:27] [Sound Library Loader/INFO]: Starting up SoundSystem...
[20:31:27] [Thread-10/INFO]: Initializing LWJGL OpenAL
[20:31:27] [Thread-10/INFO]: (The LWJGL binding of OpenAL.  For more information, see http://www.lwjgl.org)
[20:31:27] [Thread-10/INFO]: OpenAL initialized.
[20:31:28] [Sound Library Loader/INFO]: Sound engine started
[20:31:29] [Client thread/INFO]: Created: 512x512 textures-atlas
[20:31:30] [Client thread/WARN]: Skipping bad option: lastServer:
[20:31:31] [Realms Notification Availability checker #1/INFO]: Could not authorize you against Realms server: Invalid session id
[20:31:38] [Server thread/INFO]: Starting integrated minecraft server version 1.10.2
[20:31:38] [Server thread/INFO]: Generating keypair
[20:31:39] [Server thread/INFO]: Preparing start region for level 0
[20:31:40] [Server thread/INFO]: Preparing spawn area: 23%
[20:31:41] [Server thread/INFO]: Changing view distance to 12, from 10
[20:31:42] [Server thread/INFO]: Player277[local:E:6ab89116] logged in with entity id 357 at (55.06579403885422, 75.0, -109.53663182957095)
[20:31:42] [Server thread/INFO]: Player277 joined the game
[20:31:43] [Server thread/INFO]: Saving and pausing game...
[20:31:43] [Server thread/INFO]: Saving chunks for level 'New World'/Overworld
[20:31:43] [Server thread/INFO]: Saving chunks for level 'New World'/Nether
[20:31:43] [Server thread/INFO]: Saving chunks for level 'New World'/The End
[20:31:44] [pool-2-thread-1/WARN]: Couldn't look up profile properties for com.mojang.authlib.GameProfile@3d1aba3f[id=0d3f56a3-2b3f-38d6-a849-9d61b8f97a5c,name=Player277,properties={},legacy=false]
com.mojang.authlib.exceptions.AuthenticationException: The client has sent too many requests within a certain amount of time
	at com.mojang.authlib.yggdrasil.YggdrasilAuthenticationService.makeRequest(YggdrasilAuthenticationService.java:65) ~[YggdrasilAuthenticationService.class:?]
	at com.mojang.authlib.yggdrasil.YggdrasilMinecraftSessionService.fillGameProfile(YggdrasilMinecraftSessionService.java:175) [YggdrasilMinecraftSessionService.class:?]
	at com.mojang.authlib.yggdrasil.YggdrasilMinecraftSessionService$1.load(YggdrasilMinecraftSessionService.java:59) [YggdrasilMinecraftSessionService$1.class:?]
	at com.mojang.authlib.yggdrasil.YggdrasilMinecraftSessionService$1.load(YggdrasilMinecraftSessionService.java:56) [YggdrasilMinecraftSessionService$1.class:?]
	at com.google.common.cache.LocalCache$LoadingValueReference.loadFuture(LocalCache.java:3524) [guava-17.0.jar:?]
	at com.google.common.cache.LocalCache$Segment.loadSync(LocalCache.java:2317) [guava-17.0.jar:?]
	at com.google.common.cache.LocalCache$Segment.lockedGetOrLoad(LocalCache.java:2280) [guava-17.0.jar:?]
	at com.google.common.cache.LocalCache$Segment.get(LocalCache.java:2195) [guava-17.0.jar:?]
	at com.google.common.cache.LocalCache.get(LocalCache.java:3934) [guava-17.0.jar:?]
	at com.google.common.cache.LocalCache.getOrLoad(LocalCache.java:3938) [guava-17.0.jar:?]
	at com.google.common.cache.LocalCache$LocalLoadingCache.get(LocalCache.java:4821) [guava-17.0.jar:?]
	at com.google.common.cache.LocalCache$LocalLoadingCache.getUnchecked(LocalCache.java:4827) [guava-17.0.jar:?]
	at com.mojang.authlib.yggdrasil.YggdrasilMinecraftSessionService.fillProfileProperties(YggdrasilMinecraftSessionService.java:165) [YggdrasilMinecraftSessionService.class:?]
	at net.minecraft.client.Minecraft.getProfileProperties(Minecraft.java:3060) [Minecraft.class:?]
	at net.minecraft.client.resources.SkinManager$3.run(SkinManager.java:131) [SkinManager$3.class:?]
	at java.util.concurrent.Executors$RunnableAdapter.call(Executors.java:511) [?:1.8.0_111]
	at java.util.concurrent.FutureTask.run(FutureTask.java:266) [?:1.8.0_111]
	at java.util.concurrent.ThreadPoolExecutor.runWorker(ThreadPoolExecutor.java:1142) [?:1.8.0_111]
	at java.util.concurrent.ThreadPoolExecutor$Worker.run(ThreadPoolExecutor.java:617) [?:1.8.0_111]
	at java.lang.Thread.run(Thread.java:745) [?:1.8.0_111]
[20:31:52] [Server thread/INFO]: Saving and pausing game...
[20:31:52] [Server thread/INFO]: Saving chunks for level 'New World'/Overworld
[20:31:52] [Server thread/INFO]: Saving chunks for level 'New World'/Nether
[20:31:52] [Server thread/INFO]: Saving chunks for level 'New World'/The End
[20:31:53] [Server thread/INFO]: Stopping server
[20:31:53] [Server thread/INFO]: Saving players
[20:31:53] [Server thread/INFO]: Saving worlds
[20:31:53] [Server thread/INFO]: Saving chunks for level 'New World'/Overworld
[20:31:53] [Server thread/INFO]: Saving chunks for level 'New World'/Nether
[20:31:53] [Server thread/INFO]: Saving chunks for level 'New World'/The End
[20:31:54] [Client thread/INFO]: Stopping!
[20:31:54] [Client thread/INFO]: SoundSystem shutting down...
[20:31:54] [Client thread/WARN]: Author: Paul Lamb, www.paulscode.com
